<?xml version="1.0" encoding="UTF-8"?>
<coverage generated="1627852694650" clover="3.2.0">
  <project timestamp="1627852694650" name="All files">
    <metrics statements="34" coveredstatements="34" conditionals="4" coveredconditionals="4" methods="12" coveredmethods="12" elements="50" coveredelements="50" complexity="0" loc="34" ncloc="34" packages="1" files="3" classes="3"/>
    <file name="Cart.js" path="C:\Users\korch\Documents\Grand_Circus\tdd-lab-2-korchie\src\js\Cart.js">
      <metrics statements="13" coveredstatements="13" conditionals="0" coveredconditionals="0" methods="8" coveredmethods="8"/>
      <line num="13" count="3" type="stmt"/>
      <line num="18" count="5" type="stmt"/>
      <line num="23" count="2" type="stmt"/>
      <line num="29" count="3" type="stmt"/>
      <line num="31" count="3" type="stmt"/>
      <line num="32" count="10" type="stmt"/>
      <line num="35" count="3" type="stmt"/>
      <line num="45" count="3" type="stmt"/>
      <line num="46" count="3" type="stmt"/>
      <line num="47" count="11" type="stmt"/>
      <line num="50" count="3" type="stmt"/>
      <line num="55" count="1" type="stmt"/>
      <line num="64" count="1" type="stmt"/>
    </file>
    <file name="Product.js" path="C:\Users\korch\Documents\Grand_Circus\tdd-lab-2-korchie\src\js\Product.js">
      <metrics statements="7" coveredstatements="7" conditionals="2" coveredconditionals="2" methods="2" coveredmethods="2"/>
      <line num="14" count="10" type="stmt"/>
      <line num="15" count="10" type="stmt"/>
      <line num="16" count="10" type="stmt"/>
      <line num="21" count="15" type="cond" truecount="2" falsecount="0"/>
      <line num="22" count="13" type="stmt"/>
      <line num="24" count="2" type="stmt"/>
      <line num="29" count="2" type="stmt"/>
    </file>
    <file name="money-functions.js" path="C:\Users\korch\Documents\Grand_Circus\tdd-lab-2-korchie\src\js\money-functions.js">
      <metrics statements="14" coveredstatements="14" conditionals="2" coveredconditionals="2" methods="2" coveredmethods="2"/>
      <line num="3" count="1" type="stmt"/>
      <line num="4" count="8" type="stmt"/>
      <line num="6" count="8" type="cond" truecount="2" falsecount="0"/>
      <line num="10" count="1" type="stmt"/>
      <line num="17" count="1" type="stmt"/>
      <line num="22" count="1" type="stmt"/>
      <line num="25" count="1" type="stmt"/>
      <line num="27" count="1" type="stmt"/>
      <line num="28" count="1" type="stmt"/>
      <line num="30" count="1" type="stmt"/>
      <line num="31" count="1" type="stmt"/>
      <line num="33" count="1" type="stmt"/>
      <line num="35" count="1" type="stmt"/>
      <line num="44" count="1" type="stmt"/>
    </file>
  </project>
</coverage>
