{"C:\\Users\\korch\\Documents\\Grand_Circus\\tdd-lab-2-korchie\\src\\js\\Cart.js": {"path":"C:\\Users\\korch\\Documents\\Grand_Circus\\tdd-lab-2-korchie\\src\\js\\Cart.js","statementMap":{"0":{"start":{"line":13,"column":8},"end":{"line":13,"column":24}},"1":{"start":{"line":18,"column":8},"end":{"line":18,"column":33}},"2":{"start":{"line":23,"column":8},"end":{"line":23,"column":33}},"3":{"start":{"line":29,"column":20},"end":{"line":29,"column":21}},"4":{"start":{"line":31,"column":8},"end":{"line":33,"column":10}},"5":{"start":{"line":32,"column":12},"end":{"line":32,"column":32}},"6":{"start":{"line":35,"column":8},"end":{"line":35,"column":21}},"7":{"start":{"line":45,"column":20},"end":{"line":45,"column":21}},"8":{"start":{"line":46,"column":8},"end":{"line":48,"column":11}},"9":{"start":{"line":47,"column":12},"end":{"line":47,"column":44}},"10":{"start":{"line":50,"column":8},"end":{"line":50,"column":21}},"11":{"start":{"line":55,"column":8},"end":{"line":55,"column":65}},"12":{"start":{"line":64,"column":0},"end":{"line":64,"column":22}}},"fnMap":{"0":{"name":"(anonymous_0)","decl":{"start":{"line":12,"column":4},"end":{"line":12,"column":5}},"loc":{"start":{"line":12,"column":17},"end":{"line":14,"column":5}},"line":12},"1":{"name":"(anonymous_1)","decl":{"start":{"line":16,"column":4},"end":{"line":16,"column":5}},"loc":{"start":{"line":16,"column":16},"end":{"line":19,"column":5}},"line":16},"2":{"name":"(anonymous_2)","decl":{"start":{"line":21,"column":4},"end":{"line":21,"column":5}},"loc":{"start":{"line":21,"column":18},"end":{"line":24,"column":5}},"line":21},"3":{"name":"(anonymous_3)","decl":{"start":{"line":26,"column":4},"end":{"line":26,"column":5}},"loc":{"start":{"line":26,"column":23},"end":{"line":40,"column":5}},"line":26},"4":{"name":"(anonymous_4)","decl":{"start":{"line":31,"column":27},"end":{"line":31,"column":28}},"loc":{"start":{"line":31,"column":41},"end":{"line":33,"column":9}},"line":31},"5":{"name":"(anonymous_5)","decl":{"start":{"line":42,"column":4},"end":{"line":42,"column":5}},"loc":{"start":{"line":42,"column":22},"end":{"line":51,"column":5}},"line":42},"6":{"name":"(anonymous_6)","decl":{"start":{"line":46,"column":27},"end":{"line":46,"column":28}},"loc":{"start":{"line":46,"column":37},"end":{"line":48,"column":9}},"line":46},"7":{"name":"(anonymous_7)","decl":{"start":{"line":53,"column":4},"end":{"line":53,"column":5}},"loc":{"start":{"line":53,"column":13},"end":{"line":56,"column":5}},"line":53}},"branchMap":{},"s":{"0":3,"1":5,"2":2,"3":3,"4":3,"5":10,"6":3,"7":3,"8":3,"9":11,"10":3,"11":1,"12":1},"f":{"0":3,"1":5,"2":2,"3":3,"4":10,"5":3,"6":11,"7":1},"b":{},"_coverageSchema":"43e27e138ebf9cfc5966b082cf9a028302ed4184","hash":"7cdd4a415c47fa9a2e89c6e7f0d7ff90f518653d"}
,"C:\\Users\\korch\\Documents\\Grand_Circus\\tdd-lab-2-korchie\\src\\js\\Product.js": {"path":"C:\\Users\\korch\\Documents\\Grand_Circus\\tdd-lab-2-korchie\\src\\js\\Product.js","statementMap":{"0":{"start":{"line":14,"column":8},"end":{"line":14,"column":25}},"1":{"start":{"line":15,"column":8},"end":{"line":15,"column":27}},"2":{"start":{"line":16,"column":8},"end":{"line":16,"column":31}},"3":{"start":{"line":21,"column":8},"end":{"line":25,"column":9}},"4":{"start":{"line":22,"column":12},"end":{"line":22,"column":37}},"5":{"start":{"line":24,"column":12},"end":{"line":24,"column":30}},"6":{"start":{"line":29,"column":0},"end":{"line":29,"column":25}}},"fnMap":{"0":{"name":"(anonymous_0)","decl":{"start":{"line":13,"column":4},"end":{"line":13,"column":5}},"loc":{"start":{"line":13,"column":37},"end":{"line":17,"column":5}},"line":13},"1":{"name":"(anonymous_1)","decl":{"start":{"line":19,"column":4},"end":{"line":19,"column":5}},"loc":{"start":{"line":19,"column":21},"end":{"line":26,"column":5}},"line":19}},"branchMap":{"0":{"loc":{"start":{"line":21,"column":8},"end":{"line":25,"column":9}},"type":"if","locations":[{"start":{"line":21,"column":8},"end":{"line":25,"column":9}},{"start":{"line":21,"column":8},"end":{"line":25,"column":9}}],"line":21}},"s":{"0":10,"1":10,"2":10,"3":15,"4":13,"5":2,"6":2},"f":{"0":10,"1":15},"b":{"0":[13,2]},"_coverageSchema":"43e27e138ebf9cfc5966b082cf9a028302ed4184","hash":"4e1c66abd0d26e9f31db9d32ddf81e1297e20a86"}
,"C:\\Users\\korch\\Documents\\Grand_Circus\\tdd-lab-2-korchie\\src\\js\\money-functions.js": {"path":"C:\\Users\\korch\\Documents\\Grand_Circus\\tdd-lab-2-korchie\\src\\js\\money-functions.js","statementMap":{"0":{"start":{"line":3,"column":23},"end":{"line":7,"column":1}},"1":{"start":{"line":4,"column":14},"end":{"line":4,"column":30}},"2":{"start":{"line":6,"column":4},"end":{"line":6,"column":70}},"3":{"start":{"line":10,"column":17},"end":{"line":42,"column":1}},"4":{"start":{"line":17,"column":13},"end":{"line":17,"column":18}},"5":{"start":{"line":22,"column":15},"end":{"line":22,"column":38}},"6":{"start":{"line":25,"column":0},"end":{"line":25,"column":24}},"7":{"start":{"line":27,"column":12},"end":{"line":27,"column":35}},"8":{"start":{"line":28,"column":0},"end":{"line":28,"column":21}},"9":{"start":{"line":30,"column":14},"end":{"line":30,"column":36}},"10":{"start":{"line":31,"column":0},"end":{"line":31,"column":22}},"11":{"start":{"line":33,"column":14},"end":{"line":33,"column":20}},"12":{"start":{"line":35,"column":0},"end":{"line":40,"column":2}},"13":{"start":{"line":44,"column":0},"end":{"line":44,"column":44}}},"fnMap":{"0":{"name":"(anonymous_0)","decl":{"start":{"line":3,"column":23},"end":{"line":3,"column":24}},"loc":{"start":{"line":3,"column":35},"end":{"line":7,"column":1}},"line":3},"1":{"name":"(anonymous_1)","decl":{"start":{"line":10,"column":17},"end":{"line":10,"column":18}},"loc":{"start":{"line":10,"column":29},"end":{"line":42,"column":1}},"line":10}},"branchMap":{"0":{"loc":{"start":{"line":6,"column":11},"end":{"line":6,"column":69}},"type":"cond-expr","locations":[{"start":{"line":6,"column":25},"end":{"line":6,"column":45}},{"start":{"line":6,"column":48},"end":{"line":6,"column":69}}],"line":6}},"s":{"0":1,"1":8,"2":8,"3":1,"4":1,"5":1,"6":1,"7":1,"8":1,"9":1,"10":1,"11":1,"12":1,"13":1},"f":{"0":8,"1":1},"b":{"0":[6,2]},"_coverageSchema":"43e27e138ebf9cfc5966b082cf9a028302ed4184","hash":"175db3fff805e2528bbf9fcea014eff2b3f1ddc0"}
}
