TN:
SF:C:\Users\korch\Documents\Grand_Circus\tdd-lab-2-korchie\src\js\Cart.js
FN:12,(anonymous_0)
FN:16,(anonymous_1)
FN:21,(anonymous_2)
FN:26,(anonymous_3)
FN:31,(anonymous_4)
FN:42,(anonymous_5)
FN:46,(anonymous_6)
FN:53,(anonymous_7)
FNF:8
FNH:8
FNDA:3,(anonymous_0)
FNDA:5,(anonymous_1)
FNDA:2,(anonymous_2)
FNDA:3,(anonymous_3)
FNDA:10,(anonymous_4)
FNDA:3,(anonymous_5)
FNDA:11,(anonymous_6)
FNDA:1,(anonymous_7)
DA:13,3
DA:18,5
DA:23,2
DA:29,3
DA:31,3
DA:32,10
DA:35,3
DA:45,3
DA:46,3
DA:47,11
DA:50,3
DA:55,1
DA:64,1
LF:13
LH:13
BRF:0
BRH:0
end_of_record
TN:
SF:C:\Users\korch\Documents\Grand_Circus\tdd-lab-2-korchie\src\js\Product.js
FN:13,(anonymous_0)
FN:19,(anonymous_1)
FNF:2
FNH:2
FNDA:10,(anonymous_0)
FNDA:15,(anonymous_1)
DA:14,10
DA:15,10
DA:16,10
DA:21,15
DA:22,13
DA:24,2
DA:29,2
LF:7
LH:7
BRDA:21,0,0,13
BRDA:21,0,1,2
BRF:2
BRH:2
end_of_record
TN:
SF:C:\Users\korch\Documents\Grand_Circus\tdd-lab-2-korchie\src\js\money-functions.js
FN:3,(anonymous_0)
FN:10,(anonymous_1)
FNF:2
FNH:2
FNDA:8,(anonymous_0)
FNDA:1,(anonymous_1)
DA:3,1
DA:4,8
DA:6,8
DA:10,1
DA:17,1
DA:22,1
DA:25,1
DA:27,1
DA:28,1
DA:30,1
DA:31,1
DA:33,1
DA:35,1
DA:44,1
LF:14
LH:14
BRDA:6,0,0,6
BRDA:6,0,1,2
BRF:2
BRH:2
end_of_record
